Started POST "/index" for ::1 at 2021-12-07 16:46:37 +0200
  [1m[35m (1.0ms)[0m  [1m[34mSELECT "schema_migrations"."version" FROM "schema_migrations" ORDER BY "schema_migrations"."version" ASC[0m
Processing by ApplicationController#index as */*
  Parameters: {"application"=>{}}
  [1m[36mUser Load (0.4ms)[0m  [1m[34mSELECT "users".* FROM "users" WHERE "users"."id" = $1 LIMIT $2[0m  [["id", 7], ["LIMIT", 1]]
  ↳ app/auth/authorize_api_request.rb:20:in `user'
  [1m[36mCACHE User Load (0.0ms)[0m  [1m[34mSELECT "users".* FROM "users" WHERE "users"."id" = $1 LIMIT $2[0m  [["id", 7], ["LIMIT", 1]]
  ↳ app/controllers/application_controller.rb:10:in `index'
Completed 200 OK in 41ms (Views: 0.7ms | ActiveRecord: 7.0ms | Allocations: 11482)


Started POST "/vet_pets" for ::1 at 2021-12-07 16:46:44 +0200
Processing by UsersController#vet_pets as */*
  Parameters: {"application"=>{}}
  [1m[36mUser Load (0.3ms)[0m  [1m[34mSELECT "users".* FROM "users" WHERE "users"."id" = $1 LIMIT $2[0m  [["id", 7], ["LIMIT", 1]]
  ↳ app/auth/authorize_api_request.rb:20:in `user'
  [1m[36mPet Load (0.5ms)[0m  [1m[34mSELECT "pets".* FROM "pets" WHERE "pets"."vet_id" = $1[0m  [["vet_id", 7]]
  ↳ app/controllers/users_controller.rb:14:in `vet_pets'
No serializer found for resource: #<Pet id: 8, name: "test", user_id: 7, created_at: "2021-12-07 09:38:23.619080000 +0000", updated_at: "2021-12-07 12:12:44.472012000 +0000", vet_id: 7>
[active_model_serializers] Rendered ActiveModel::Serializer::CollectionSerializer with Pet::ActiveRecord_Relation (0.65ms)
Completed 200 OK in 21ms (Views: 9.7ms | ActiveRecord: 3.7ms | Allocations: 6036)


Started POST "/vet_pet_appointment" for ::1 at 2021-12-07 16:46:46 +0200
Processing by UsersController#vet_pet_appointment as */*
  Parameters: {"pet_id"=>"9", "application"=>{"pet_id"=>"9"}}
  [1m[36mUser Load (0.4ms)[0m  [1m[34mSELECT "users".* FROM "users" WHERE "users"."id" = $1 LIMIT $2[0m  [["id", 7], ["LIMIT", 1]]
  ↳ app/auth/authorize_api_request.rb:20:in `user'
  [1m[36mPet Load (0.2ms)[0m  [1m[34mSELECT "pets".* FROM "pets" WHERE "pets"."id" = $1 LIMIT $2[0m  [["id", 9], ["LIMIT", 1]]
  ↳ app/controllers/users_controller.rb:23:in `vet_pet_appointment'
No serializer found for resource: #<Pet id: 9, name: "veet's pet", user_id: 7, created_at: "2021-12-07 11:53:52.229368000 +0000", updated_at: "2021-12-07 12:12:47.095250000 +0000", vet_id: 7>
[active_model_serializers]   [1m[36mAppointment Load (0.4ms)[0m  [1m[34mSELECT "appointments".* FROM "appointments" WHERE "appointments"."pet_id" = $1[0m  [["pet_id", 9]]
[active_model_serializers]   ↳ app/controllers/users_controller.rb:25:in `vet_pet_appointment'
[active_model_serializers] Rendered ActiveModel::Serializer::CollectionSerializer with Array (1.88ms)
Completed 200 OK in 12ms (Views: 2.2ms | ActiveRecord: 2.1ms | Allocations: 2920)


Started POST "/index" for ::1 at 2021-12-09 15:30:27 +0200
  [1m[35m (1.3ms)[0m  [1m[34mSELECT "schema_migrations"."version" FROM "schema_migrations" ORDER BY "schema_migrations"."version" ASC[0m
Processing by ApplicationController#index as */*
  Parameters: {"application"=>{}}
  [1m[36mUser Load (0.6ms)[0m  [1m[34mSELECT "users".* FROM "users" WHERE "users"."id" = $1 LIMIT $2[0m  [["id", 1], ["LIMIT", 1]]
  ↳ app/auth/authorize_api_request.rb:20:in `user'
  [1m[36mCACHE User Load (0.0ms)[0m  [1m[34mSELECT "users".* FROM "users" WHERE "users"."id" = $1 LIMIT $2[0m  [["id", 1], ["LIMIT", 1]]
  ↳ app/controllers/application_controller.rb:10:in `index'
[active_model_serializers] Rendered ActiveModel::Serializer::Null with Class (0.2ms)
Completed 200 OK in 37ms (Views: 5.3ms | ActiveRecord: 4.4ms | Allocations: 12246)


Started POST "/index" for ::1 at 2021-12-09 15:30:29 +0200
Processing by ApplicationController#index as */*
  Parameters: {"application"=>{}}
  [1m[36mUser Load (0.5ms)[0m  [1m[34mSELECT "users".* FROM "users" WHERE "users"."id" = $1 LIMIT $2[0m  [["id", 1], ["LIMIT", 1]]
  ↳ app/auth/authorize_api_request.rb:20:in `user'
  [1m[36mCACHE User Load (0.0ms)[0m  [1m[34mSELECT "users".* FROM "users" WHERE "users"."id" = $1 LIMIT $2[0m  [["id", 1], ["LIMIT", 1]]
  ↳ app/controllers/application_controller.rb:10:in `index'
[active_model_serializers] Rendered ActiveModel::Serializer::Null with Class (0.3ms)
Completed 200 OK in 7ms (Views: 1.0ms | ActiveRecord: 0.6ms | Allocations: 1086)


Started POST "/signup" for ::1 at 2021-12-09 15:30:36 +0200
Processing by UsersController#create as */*
  Parameters: {"email"=>"2", "name"=>"2", "password"=>"[FILTERED]", "confirm_password"=>"[FILTERED]", "role"=>"vet", "application"=>{"email"=>"2", "name"=>"2", "password"=>"[FILTERED]", "confirm_password"=>"[FILTERED]", "role"=>"vet"}}
[31mUnpermitted parameters: :confirm_password, :application[0m
  [1m[36mTRANSACTION (0.2ms)[0m  [1m[35mBEGIN[0m
  ↳ app/controllers/users_controller.rb:6:in `create'
  [1m[36mUser Create (0.8ms)[0m  [1m[32mINSERT INTO "users" ("role", "name", "email", "password_digest", "created_at", "updated_at") VALUES ($1, $2, $3, $4, $5, $6) RETURNING "id"[0m  [["role", 1], ["name", "2"], ["email", "2"], ["password_digest", "$2a$12$RFAY4PTZ9EfDHqepYba9G.rzWKKDs42vwFUOPWXNEFVQkb/kPZS7i"], ["created_at", "2021-12-09 13:30:37.257377"], ["updated_at", "2021-12-09 13:30:37.257377"]]
  ↳ app/controllers/users_controller.rb:6:in `create'
  [1m[36mTRANSACTION (0.5ms)[0m  [1m[35mCOMMIT[0m
  ↳ app/controllers/users_controller.rb:6:in `create'
  [1m[36mUser Load (0.3ms)[0m  [1m[34mSELECT "users".* FROM "users" WHERE "users"."email" = $1 LIMIT $2[0m  [["email", "2"], ["LIMIT", 1]]
  ↳ app/auth/authenticate_user.rb:18:in `user'
  [1m[36mCACHE User Load (0.0ms)[0m  [1m[34mSELECT "users".* FROM "users" WHERE "users"."email" = $1 LIMIT $2[0m  [["email", "2"], ["LIMIT", 1]]
  ↳ app/auth/authenticate_user.rb:18:in `user'
[active_model_serializers] Rendered ActiveModel::Serializer::Null with Hash (0.22ms)
Completed 201 Created in 856ms (Views: 1.4ms | ActiveRecord: 1.8ms | Allocations: 4288)


Started POST "/index" for ::1 at 2021-12-09 15:30:37 +0200
Processing by ApplicationController#index as */*
  Parameters: {"application"=>{}}
  [1m[36mUser Load (0.4ms)[0m  [1m[34mSELECT "users".* FROM "users" WHERE "users"."id" = $1 LIMIT $2[0m  [["id", 2], ["LIMIT", 1]]
  ↳ app/auth/authorize_api_request.rb:20:in `user'
  [1m[36mCACHE User Load (0.0ms)[0m  [1m[34mSELECT "users".* FROM "users" WHERE "users"."id" = $1 LIMIT $2[0m  [["id", 2], ["LIMIT", 1]]
  ↳ app/controllers/application_controller.rb:10:in `index'
[active_model_serializers] Rendered ActiveModel::Serializer::Null with Class (0.08ms)
Completed 200 OK in 4ms (Views: 0.6ms | ActiveRecord: 0.4ms | Allocations: 1082)


Started POST "/index" for ::1 at 2021-12-09 15:30:38 +0200
Processing by ApplicationController#index as */*
  Parameters: {"application"=>{}}
  [1m[36mUser Load (0.3ms)[0m  [1m[34mSELECT "users".* FROM "users" WHERE "users"."id" = $1 LIMIT $2[0m  [["id", 2], ["LIMIT", 1]]
  ↳ app/auth/authorize_api_request.rb:20:in `user'
  [1m[36mCACHE User Load (0.0ms)[0m  [1m[34mSELECT "users".* FROM "users" WHERE "users"."id" = $1 LIMIT $2[0m  [["id", 2], ["LIMIT", 1]]
  ↳ app/controllers/application_controller.rb:10:in `index'
[active_model_serializers] Rendered ActiveModel::Serializer::Null with Class (0.07ms)
Completed 200 OK in 3ms (Views: 0.6ms | ActiveRecord: 0.3ms | Allocations: 1082)


Started POST "/index" for ::1 at 2021-12-09 15:30:41 +0200
Processing by ApplicationController#index as */*
  Parameters: {"application"=>{}}
  [1m[36mUser Load (0.4ms)[0m  [1m[34mSELECT "users".* FROM "users" WHERE "users"."id" = $1 LIMIT $2[0m  [["id", 2], ["LIMIT", 1]]
  ↳ app/auth/authorize_api_request.rb:20:in `user'
  [1m[36mCACHE User Load (0.0ms)[0m  [1m[34mSELECT "users".* FROM "users" WHERE "users"."id" = $1 LIMIT $2[0m  [["id", 2], ["LIMIT", 1]]
  ↳ app/controllers/application_controller.rb:10:in `index'
[active_model_serializers] Rendered ActiveModel::Serializer::Null with Class (0.09ms)
Completed 200 OK in 5ms (Views: 0.6ms | ActiveRecord: 0.4ms | Allocations: 1064)


Started POST "/index" for ::1 at 2021-12-09 15:31:43 +0200
  [1m[35m (0.8ms)[0m  [1m[34mSELECT "schema_migrations"."version" FROM "schema_migrations" ORDER BY "schema_migrations"."version" ASC[0m
Processing by ApplicationController#index as */*
  Parameters: {"application"=>{}}
  [1m[36mUser Load (0.6ms)[0m  [1m[34mSELECT "users".* FROM "users" WHERE "users"."id" = $1 LIMIT $2[0m  [["id", 2], ["LIMIT", 1]]
  ↳ app/auth/authorize_api_request.rb:20:in `user'
  [1m[36mCACHE User Load (0.0ms)[0m  [1m[34mSELECT "users".* FROM "users" WHERE "users"."id" = $1 LIMIT $2[0m  [["id", 2], ["LIMIT", 1]]
  ↳ app/controllers/application_controller.rb:10:in `index'
[active_model_serializers] Rendered ActiveModel::Serializer::Null with Class (0.22ms)
Completed 200 OK in 43ms (Views: 6.1ms | ActiveRecord: 6.1ms | Allocations: 12246)


Started POST "/index" for ::1 at 2021-12-09 15:34:17 +0200
Processing by ApplicationController#index as */*
  Parameters: {"application"=>{}}
  [1m[36mUser Load (0.3ms)[0m  [1m[34mSELECT "users".* FROM "users" WHERE "users"."id" = $1 LIMIT $2[0m  [["id", 2], ["LIMIT", 1]]
  ↳ app/auth/authorize_api_request.rb:20:in `user'
  [1m[36mCACHE User Load (0.0ms)[0m  [1m[34mSELECT "users".* FROM "users" WHERE "users"."id" = $1 LIMIT $2[0m  [["id", 2], ["LIMIT", 1]]
  ↳ app/controllers/application_controller.rb:10:in `index'
[active_model_serializers] Rendered ActiveModel::Serializer::Null with Class (0.05ms)
Completed 200 OK in 4ms (Views: 0.5ms | ActiveRecord: 0.3ms | Allocations: 1086)


Started POST "/index" for ::1 at 2021-12-09 15:35:12 +0200
Processing by ApplicationController#index as */*
  Parameters: {"application"=>{}}
  [1m[36mUser Load (0.3ms)[0m  [1m[34mSELECT "users".* FROM "users" WHERE "users"."id" = $1 LIMIT $2[0m  [["id", 2], ["LIMIT", 1]]
  ↳ app/auth/authorize_api_request.rb:20:in `user'
  [1m[36mCACHE User Load (0.0ms)[0m  [1m[34mSELECT "users".* FROM "users" WHERE "users"."id" = $1 LIMIT $2[0m  [["id", 2], ["LIMIT", 1]]
  ↳ app/controllers/application_controller.rb:10:in `index'
[active_model_serializers] Rendered ActiveModel::Serializer::Null with Class (0.1ms)
Completed 200 OK in 17174ms (Views: 1.2ms | ActiveRecord: 3.2ms | Allocations: 18574)


Started POST "/index" for ::1 at 2021-12-09 15:36:46 +0200
Processing by ApplicationController#index as */*
  Parameters: {"application"=>{}}
  [1m[36mUser Load (0.2ms)[0m  [1m[34mSELECT "users".* FROM "users" WHERE "users"."id" = $1 LIMIT $2[0m  [["id", 2], ["LIMIT", 1]]
  ↳ app/auth/authorize_api_request.rb:20:in `user'
  [1m[36mCACHE User Load (0.0ms)[0m  [1m[34mSELECT "users".* FROM "users" WHERE "users"."id" = $1 LIMIT $2[0m  [["id", 2], ["LIMIT", 1]]
  ↳ app/controllers/application_controller.rb:10:in `index'
[active_model_serializers] Rendered ActiveModel::Serializer::Null with Class (0.06ms)
Completed 200 OK in 32ms (Views: 0.9ms | ActiveRecord: 6.1ms | Allocations: 9148)


Started POST "/signup" for ::1 at 2021-12-09 15:37:12 +0200
Processing by UsersController#create as */*
  Parameters: {"email"=>"5", "name"=>"55", "password"=>"[FILTERED]", "confirm_password"=>"[FILTERED]", "role"=>"owner", "application"=>{"email"=>"5", "name"=>"55", "password"=>"[FILTERED]", "confirm_password"=>"[FILTERED]", "role"=>"owner"}}
[31mUnpermitted parameters: :confirm_password, :application[0m
  [1m[36mTRANSACTION (0.1ms)[0m  [1m[35mBEGIN[0m
  ↳ app/controllers/users_controller.rb:6:in `create'
  [1m[36mUser Create (0.5ms)[0m  [1m[32mINSERT INTO "users" ("role", "name", "email", "password_digest", "created_at", "updated_at") VALUES ($1, $2, $3, $4, $5, $6) RETURNING "id"[0m  [["role", 0], ["name", "55"], ["email", "5"], ["password_digest", "$2a$12$zlqf6A4kCfr9LqFkyC2VBusa7HjhlQGrE93BQ6hhYmAWvlYSlZCpa"], ["created_at", "2021-12-09 13:37:12.854938"], ["updated_at", "2021-12-09 13:37:12.854938"]]
  ↳ app/controllers/users_controller.rb:6:in `create'
  [1m[36mTRANSACTION (1.2ms)[0m  [1m[35mCOMMIT[0m
  ↳ app/controllers/users_controller.rb:6:in `create'
  [1m[36mUser Load (0.2ms)[0m  [1m[34mSELECT "users".* FROM "users" WHERE "users"."email" = $1 LIMIT $2[0m  [["email", "5"], ["LIMIT", 1]]
  ↳ app/auth/authenticate_user.rb:18:in `user'
  [1m[36mCACHE User Load (0.0ms)[0m  [1m[34mSELECT "users".* FROM "users" WHERE "users"."email" = $1 LIMIT $2[0m  [["email", "5"], ["LIMIT", 1]]
  ↳ app/auth/authenticate_user.rb:18:in `user'
[active_model_serializers] Rendered ActiveModel::Serializer::Null with Hash (0.13ms)
Completed 201 Created in 848ms (Views: 0.7ms | ActiveRecord: 2.0ms | Allocations: 9021)


Started POST "/index" for ::1 at 2021-12-09 15:37:13 +0200
Processing by ApplicationController#index as */*
  Parameters: {"application"=>{}}
  [1m[36mUser Load (0.2ms)[0m  [1m[34mSELECT "users".* FROM "users" WHERE "users"."id" = $1 LIMIT $2[0m  [["id", 14], ["LIMIT", 1]]
  ↳ app/auth/authorize_api_request.rb:20:in `user'
  [1m[36mCACHE User Load (0.0ms)[0m  [1m[34mSELECT "users".* FROM "users" WHERE "users"."id" = $1 LIMIT $2[0m  [["id", 14], ["LIMIT", 1]]
  ↳ app/controllers/application_controller.rb:10:in `index'
Completed 200 OK in 34517ms (Views: 0.4ms | ActiveRecord: 0.3ms | Allocations: 9854)


Started POST "/index" for ::1 at 2021-12-09 15:38:14 +0200
Processing by ApplicationController#index as */*
  Parameters: {"application"=>{}}
  [1m[36mUser Load (0.3ms)[0m  [1m[34mSELECT "users".* FROM "users" WHERE "users"."id" = $1 LIMIT $2[0m  [["id", 14], ["LIMIT", 1]]
  ↳ app/auth/authorize_api_request.rb:20:in `user'
  [1m[36mCACHE User Load (0.0ms)[0m  [1m[34mSELECT "users".* FROM "users" WHERE "users"."id" = $1 LIMIT $2[0m  [["id", 14], ["LIMIT", 1]]
  ↳ app/controllers/application_controller.rb:10:in `index'
Completed 200 OK in 19ms (Views: 0.4ms | ActiveRecord: 3.3ms | Allocations: 9211)


Started POST "/index" for ::1 at 2021-12-09 15:38:19 +0200
Processing by ApplicationController#index as */*
  Parameters: {"application"=>{}}
  [1m[36mUser Load (0.2ms)[0m  [1m[34mSELECT "users".* FROM "users" WHERE "users"."id" = $1 LIMIT $2[0m  [["id", 1], ["LIMIT", 1]]
  ↳ app/auth/authorize_api_request.rb:20:in `user'
  [1m[36mCACHE User Load (0.0ms)[0m  [1m[34mSELECT "users".* FROM "users" WHERE "users"."id" = $1 LIMIT $2[0m  [["id", 1], ["LIMIT", 1]]
  ↳ app/controllers/application_controller.rb:10:in `index'
[active_model_serializers] Rendered ActiveModel::Serializer::Null with Class (0.08ms)
Completed 200 OK in 3594ms (Views: 0.8ms | ActiveRecord: 0.2ms | Allocations: 4296)


  [1m[35m (0.5ms)[0m  [1m[34mSELECT "schema_migrations"."version" FROM "schema_migrations" ORDER BY "schema_migrations"."version" ASC[0m
  [1m[35m (0.6ms)[0m  [1m[34mSELECT "ar_internal_metadata"."value" FROM "ar_internal_metadata" WHERE "ar_internal_metadata"."key" = $1[0m  [["key", "environment"]]
  [1m[35m (0.2ms)[0m  [1m[34mSELECT "schema_migrations"."version" FROM "schema_migrations" ORDER BY "schema_migrations"."version" ASC[0m
  [1m[35m (0.2ms)[0m  [1m[34mSELECT "ar_internal_metadata"."value" FROM "ar_internal_metadata" WHERE "ar_internal_metadata"."key" = $1[0m  [["key", "environment"]]
  [1m[35m (0.2ms)[0m  [1m[34mSELECT "schema_migrations"."version" FROM "schema_migrations" ORDER BY "schema_migrations"."version" ASC[0m
  [1m[35m (0.2ms)[0m  [1m[34mSELECT "ar_internal_metadata"."value" FROM "ar_internal_metadata" WHERE "ar_internal_metadata"."key" = $1[0m  [["key", "environment"]]
  [1m[35m (49.9ms)[0m  [1m[35mDROP DATABASE IF EXISTS "todo_api_mk2_development"[0m
  [1m[35m (51.6ms)[0m  [1m[35mDROP DATABASE IF EXISTS "todo_api_mk2_test"[0m
  [1m[35m (296.7ms)[0m  [1m[35mCREATE DATABASE "todo_api_mk2_development" ENCODING = 'unicode'[0m
  [1m[35m (126.5ms)[0m  [1m[35mCREATE DATABASE "todo_api_mk2_test" ENCODING = 'unicode'[0m
  [1m[35m (13.8ms)[0m  [1m[35mCREATE TABLE "schema_migrations" ("version" character varying NOT NULL PRIMARY KEY)[0m
  [1m[35m (3.7ms)[0m  [1m[35mCREATE TABLE "ar_internal_metadata" ("key" character varying NOT NULL PRIMARY KEY, "value" character varying, "created_at" timestamp(6) NOT NULL, "updated_at" timestamp(6) NOT NULL)[0m
  [1m[35m (0.6ms)[0m  [1m[34mSELECT pg_try_advisory_lock(3128097401518514565)[0m
  [1m[35m (0.5ms)[0m  [1m[34mSELECT "schema_migrations"."version" FROM "schema_migrations" ORDER BY "schema_migrations"."version" ASC[0m
Migrating to CreateUsers (20211129071321)
  [1m[36mTRANSACTION (0.2ms)[0m  [1m[35mBEGIN[0m
  [1m[35m (48.5ms)[0m  [1m[35mCREATE TABLE "users" ("id" bigserial primary key, "role" integer, "name" character varying, "email" character varying, "password_digest" character varying, "created_at" timestamp(6) NOT NULL, "updated_at" timestamp(6) NOT NULL)[0m
  [1m[36mActiveRecord::SchemaMigration Create (0.5ms)[0m  [1m[32mINSERT INTO "schema_migrations" ("version") VALUES ($1) RETURNING "version"[0m  [["version", "20211129071321"]]
  [1m[36mTRANSACTION (0.5ms)[0m  [1m[35mCOMMIT[0m
Migrating to CreatePets (20211129071428)
  [1m[36mTRANSACTION (40.6ms)[0m  [1m[35mBEGIN[0m
  [1m[35m (6.5ms)[0m  [1m[35mCREATE TABLE "pets" ("id" bigserial primary key, "name" character varying, "user_id" bigint, "created_at" timestamp(6) NOT NULL, "updated_at" timestamp(6) NOT NULL, CONSTRAINT "fk_rails_0fa4bae6b1"
FOREIGN KEY ("user_id")
  REFERENCES "users" ("id")
)[0m
  [1m[35m (2.6ms)[0m  [1m[35mCREATE INDEX "index_pets_on_user_id" ON "pets" ("user_id")[0m
  [1m[36mActiveRecord::SchemaMigration Create (0.3ms)[0m  [1m[32mINSERT INTO "schema_migrations" ("version") VALUES ($1) RETURNING "version"[0m  [["version", "20211129071428"]]
  [1m[36mTRANSACTION (0.5ms)[0m  [1m[35mCOMMIT[0m
Migrating to AddVetToPets (20211129083123)
  [1m[36mTRANSACTION (30.6ms)[0m  [1m[35mBEGIN[0m
  [1m[35m (0.5ms)[0m  [1m[35mALTER TABLE "pets" ADD "vet_id" integer[0m
  [1m[36mActiveRecord::SchemaMigration Create (0.3ms)[0m  [1m[32mINSERT INTO "schema_migrations" ("version") VALUES ($1) RETURNING "version"[0m  [["version", "20211129083123"]]
  [1m[36mTRANSACTION (0.5ms)[0m  [1m[35mCOMMIT[0m
Migrating to CreateAppointments (20211129084724)
  [1m[36mTRANSACTION (0.1ms)[0m  [1m[35mBEGIN[0m
  [1m[35m (200.3ms)[0m  [1m[35mCREATE TABLE "appointments" ("id" bigserial primary key, "pet_id" integer, "vet_id" integer, "date" timestamp, "created_at" timestamp(6) NOT NULL, "updated_at" timestamp(6) NOT NULL)[0m
  [1m[36mActiveRecord::SchemaMigration Create (0.3ms)[0m  [1m[32mINSERT INTO "schema_migrations" ("version") VALUES ($1) RETURNING "version"[0m  [["version", "20211129084724"]]
  [1m[36mTRANSACTION (0.5ms)[0m  [1m[35mCOMMIT[0m
  [1m[36mActiveRecord::InternalMetadata Load (0.4ms)[0m  [1m[34mSELECT "ar_internal_metadata".* FROM "ar_internal_metadata" WHERE "ar_internal_metadata"."key" = $1 LIMIT $2[0m  [["key", "environment"], ["LIMIT", 1]]
  [1m[36mTRANSACTION (0.1ms)[0m  [1m[35mBEGIN[0m
  [1m[36mActiveRecord::InternalMetadata Create (0.5ms)[0m  [1m[32mINSERT INTO "ar_internal_metadata" ("key", "value", "created_at", "updated_at") VALUES ($1, $2, $3, $4) RETURNING "key"[0m  [["key", "environment"], ["value", "development"], ["created_at", "2021-12-09 13:38:51.398075"], ["updated_at", "2021-12-09 13:38:51.398075"]]
  [1m[36mTRANSACTION (0.3ms)[0m  [1m[35mCOMMIT[0m
  [1m[35m (0.2ms)[0m  [1m[34mSELECT pg_advisory_unlock(3128097401518514565)[0m
  [1m[35m (0.7ms)[0m  [1m[34mSELECT "schema_migrations"."version" FROM "schema_migrations" ORDER BY "schema_migrations"."version" ASC[0m
Started POST "/index" for ::1 at 2021-12-09 15:39:02 +0200
  [1m[35m (0.6ms)[0m  [1m[34mSELECT "schema_migrations"."version" FROM "schema_migrations" ORDER BY "schema_migrations"."version" ASC[0m
Processing by ApplicationController#index as */*
  Parameters: {"application"=>{}}
  [1m[36mUser Load (0.5ms)[0m  [1m[34mSELECT "users".* FROM "users" WHERE "users"."id" = $1 LIMIT $2[0m  [["id", 1], ["LIMIT", 1]]
  ↳ app/auth/authorize_api_request.rb:20:in `user'
[active_model_serializers] Rendered ActiveModel::Serializer::Null with Hash (0.29ms)
Completed 422 Unprocessable Entity in 18ms (Views: 2.1ms | ActiveRecord: 4.4ms | Allocations: 5215)


Started POST "/signup" for ::1 at 2021-12-09 15:39:32 +0200
Processing by UsersController#create as */*
  Parameters: {"email"=>"9", "name"=>"9", "password"=>"[FILTERED]", "confirm_password"=>"[FILTERED]", "role"=>"vet", "user"=>{"role"=>"vet", "name"=>"9", "email"=>"9"}}
[31mUnpermitted parameters: :confirm_password, :user[0m
  [1m[36mTRANSACTION (0.2ms)[0m  [1m[35mBEGIN[0m
  ↳ app/controllers/users_controller.rb:4:in `create'
  [1m[36mUser Create (0.8ms)[0m  [1m[32mINSERT INTO "users" ("role", "name", "email", "password_digest", "created_at", "updated_at") VALUES ($1, $2, $3, $4, $5, $6) RETURNING "id"[0m  [["role", 1], ["name", "9"], ["email", "9"], ["password_digest", "$2a$12$X4mtOn/TJe87aoTBpMnXeeQUCguVhcAlMrCiSqi6JrpUYxQlCzxTW"], ["created_at", "2021-12-09 13:39:32.805157"], ["updated_at", "2021-12-09 13:39:32.805157"]]
  ↳ app/controllers/users_controller.rb:4:in `create'
  [1m[36mTRANSACTION (0.4ms)[0m  [1m[35mCOMMIT[0m
  ↳ app/controllers/users_controller.rb:4:in `create'
  [1m[36mUser Load (0.2ms)[0m  [1m[34mSELECT "users".* FROM "users" WHERE "users"."email" = $1 LIMIT $2[0m  [["email", "9"], ["LIMIT", 1]]
  ↳ app/auth/authenticate_user.rb:18:in `user'
  [1m[36mCACHE User Load (0.0ms)[0m  [1m[34mSELECT "users".* FROM "users" WHERE "users"."email" = $1 LIMIT $2[0m  [["email", "9"], ["LIMIT", 1]]
  ↳ app/auth/authenticate_user.rb:18:in `user'
[active_model_serializers] Rendered ActiveModel::Serializer::Null with Hash (0.22ms)
Completed 201 Created in 7225ms (Views: 1.8ms | ActiveRecord: 4.7ms | Allocations: 22497)


Started POST "/index" for ::1 at 2021-12-09 15:39:39 +0200
Processing by ApplicationController#index as */*
  Parameters: {"application"=>{}}
  [1m[36mUser Load (0.3ms)[0m  [1m[34mSELECT "users".* FROM "users" WHERE "users"."id" = $1 LIMIT $2[0m  [["id", 1], ["LIMIT", 1]]
  ↳ app/auth/authorize_api_request.rb:20:in `user'
  [1m[36mCACHE User Load (0.0ms)[0m  [1m[34mSELECT "users".* FROM "users" WHERE "users"."id" = $1 LIMIT $2[0m  [["id", 1], ["LIMIT", 1]]
  ↳ app/controllers/application_controller.rb:10:in `index'
Completed 200 OK in 2743ms (Views: 0.7ms | ActiveRecord: 0.3ms | Allocations: 4491)


Started POST "/index" for ::1 at 2021-12-09 15:40:39 +0200
Processing by ApplicationController#index as */*
  Parameters: {"application"=>{}}
  [1m[36mUser Load (0.2ms)[0m  [1m[34mSELECT "users".* FROM "users" WHERE "users"."id" = $1 LIMIT $2[0m  [["id", 1], ["LIMIT", 1]]
  ↳ app/auth/authorize_api_request.rb:20:in `user'
  [1m[36mCACHE User Load (0.0ms)[0m  [1m[34mSELECT "users".* FROM "users" WHERE "users"."id" = $1 LIMIT $2[0m  [["id", 1], ["LIMIT", 1]]
  ↳ app/controllers/application_controller.rb:10:in `index'
Completed 200 OK in 15ms (Views: 0.4ms | ActiveRecord: 3.3ms | Allocations: 5919)


Started POST "/index" for ::1 at 2021-12-09 15:40:39 +0200
Processing by ApplicationController#index as */*
  Parameters: {"application"=>{}}
  [1m[36mUser Load (0.3ms)[0m  [1m[34mSELECT "users".* FROM "users" WHERE "users"."id" = $1 LIMIT $2[0m  [["id", 1], ["LIMIT", 1]]
  ↳ app/auth/authorize_api_request.rb:20:in `user'
  [1m[36mCACHE User Load (0.0ms)[0m  [1m[34mSELECT "users".* FROM "users" WHERE "users"."id" = $1 LIMIT $2[0m  [["id", 1], ["LIMIT", 1]]
  ↳ app/controllers/application_controller.rb:10:in `index'
Completed 200 OK in 3ms (Views: 0.2ms | ActiveRecord: 0.3ms | Allocations: 1004)


